2019-06-08 23:56:35 DBInitialize.py[line:16] INFO The database name we need to initialize is : api16
2019-06-08 23:56:35 DBInitialize.py[line:20] INFO Try to initialize database attempt times: 1
2019-06-08 23:56:35 DBInitialize.py[line:22] INFO Whether database api16 exists? : True
2019-06-08 23:56:35 DBInitialize.py[line:44] INFO Try to initialize tables attempt times: 1
2019-06-08 23:56:35 DBInitialize.py[line:51] INFO Try to find table User: <table User=> id: 32 username:'wulaoshi1126' password:'wulaoshi12345' email:'wulaoshi@qq.com' token : None loginTime:None>
2019-06-08 23:56:35 DBInitialize.py[line:52] INFO Try to find table UserBlog: <table UserBlog=> articleId: 13 blogTitle:'learn python' blogContent:'python is good' user_id:33 createTime : '2019-06-08 23:26:28' updateTime : None>
2019-06-08 23:56:35 DBInitialize.py[line:53] INFO User and UserBlog table existed £¡
2019-06-08 23:56:36 _internal.py[line:122] WARNING  * Debugger is active!
2019-06-08 23:56:36 _internal.py[line:122] INFO  * Debugger PIN: 181-247-040
2019-06-08 23:56:36 _internal.py[line:122] INFO  * Running on http://127.0.0.1:5000/ (Press CTRL+C to quit)
2019-06-08 23:56:55 login.py[line:24] INFO ########################[Login]########################
2019-06-08 23:56:55 login.py[line:25] INFO args.keys(): dict_keys(['username', 'password'])
2019-06-08 23:56:55 login.py[line:27] INFO json_data: {'username': 'lily', 'password': '0550876efca0820e30e7398c177fd30b'}
2019-06-08 23:56:55 login.py[line:29] INFO username: lily
2019-06-08 23:56:55 login.py[line:31] INFO userPassword: 0550876efca0820e30e7398c177fd30b
2019-06-08 23:56:55 login.py[line:33] INFO neededParams: dict_keys(['username', 'password'])
2019-06-08 23:56:55 login.py[line:35] INFO requestParams: dict_keys(['username', 'password']) 
2019-06-08 23:56:55 login.py[line:41] INFO userToLogin: <table User=> id: 33 username:'lily' password:'wcx123wac' email:'lily@qq.com' token : '2c6cd004a695421fa0752619541467aa' loginTime:'2019-06-08 23:52:00'>
2019-06-08 23:56:55 util.py[line:76] INFO passwordFromPost: 0550876efca0820e30e7398c177fd30b
2019-06-08 23:56:55 util.py[line:77] INFO usernameFromPost: lily
2019-06-08 23:56:55 util.py[line:79] INFO userInDb: <table User=> id: 33 username:'lily' password:'wcx123wac' email:'lily@qq.com' token : '2c6cd004a695421fa0752619541467aa' loginTime:'2019-06-08 23:52:00'>
2019-06-08 23:56:55 util.py[line:82] INFO passwordInDb: wcx123wac
2019-06-08 23:56:55 util.py[line:84] INFO passwordInDbMd5: 0550876efca0820e30e7398c177fd30b
2019-06-08 23:56:55 login.py[line:49] INFO userTokenInDB: 2c6cd004a695421fa0752619541467aa
2019-06-08 23:56:55 _internal.py[line:122] INFO 127.0.0.1 - - [08/Jun/2019 23:56:55] "POST /login/ HTTP/1.1" 200 -
2019-06-08 23:57:09 update.py[line:29] INFO ########################[Update]########################
2019-06-08 23:57:09 update.py[line:30] INFO self.args.keys(): dict_keys(['userid', 'token', 'articleId', 'title', 'content'])
2019-06-08 23:57:09 update.py[line:32] INFO json_data: {'userid': 33, 'token': '24805ceac13b493997e191b02c378b4a'}
2019-06-08 23:57:09 update.py[line:34] INFO userid: 33
2019-06-08 23:57:09 update.py[line:36] INFO userToken: 24805ceac13b493997e191b02c378b4a
2019-06-08 23:57:09 update.py[line:38] INFO articleId: 
2019-06-08 23:57:09 update.py[line:40] INFO blogTitle: 
2019-06-08 23:57:09 update.py[line:42] INFO blogContent: 
2019-06-08 23:57:09 update.py[line:44] INFO neededParams: dict_keys(['userid', 'token', 'articleId', 'title', 'content'])
2019-06-08 23:57:09 update.py[line:46] INFO requestParams: dict_keys(['userid', 'token'])
2019-06-08 23:57:09 _internal.py[line:122] INFO 127.0.0.1 - - [08/Jun/2019 23:57:09] "PUT /update/ HTTP/1.1" 200 -
